This file contains any messages produced by compilers while
running configure, to aid debugging if configure makes a mistake.

It was created by gtkmm-plplot configure 2.5, which was
generated by GNU Autoconf 2.71.  Invocation command line was

  $ ./configure

## --------- ##
## Platform. ##
## --------- ##

hostname = vencez
uname -m = x86_64
uname -r = 5.17.4-arch1-1
uname -s = Linux
uname -v = #1 SMP PREEMPT Wed, 20 Apr 2022 18:29:28 +0000

/usr/bin/uname -p = unknown
/bin/uname -X     = unknown

/bin/arch              = unknown
/usr/bin/arch -k       = unknown
/usr/convex/getsysinfo = unknown
/usr/bin/hostinfo      = unknown
/bin/machine           = unknown
/usr/bin/oslevel       = unknown
/bin/universe          = unknown

PATH: /usr/local/sbin/
PATH: /usr/local/bin/
PATH: /usr/bin/
PATH: /usr/lib/jvm/default/bin/
PATH: /usr/bin/site_perl/
PATH: /usr/bin/vendor_perl/
PATH: /usr/bin/core_perl/


## ----------- ##
## Core tests. ##
## ----------- ##

configure:2843: looking for aux files: ltmain.sh ar-lib compile config.guess config.sub missing install-sh
configure:2856:  trying ./build-aux/
configure:2885:   ./build-aux/ltmain.sh found
configure:2885:   ./build-aux/ar-lib found
configure:2885:   ./build-aux/compile found
configure:2885:   ./build-aux/config.guess found
configure:2885:   ./build-aux/config.sub found
configure:2885:   ./build-aux/missing found
configure:2867:   ./build-aux/install-sh found
configure:3017: checking for a BSD-compatible install
configure:3090: result: /usr/bin/install -c
configure:3101: checking whether build environment is sane
configure:3156: result: yes
configure:3315: checking for a race-free mkdir -p
configure:3359: result: /usr/bin/mkdir -p
configure:3366: checking for gawk
configure:3387: found /usr/bin/gawk
configure:3398: result: gawk
configure:3409: checking whether make sets $(MAKE)
configure:3432: result: yes
configure:3462: checking whether make supports nested variables
configure:3480: result: yes
configure:3622: checking build system type
configure:3637: result: x86_64-pc-linux-gnu
configure:3657: checking host system type
configure:3671: result: x86_64-pc-linux-gnu
configure:3715: checking whether make supports the include directive
configure:3730: make -f confmf.GNU && cat confinc.out
this is the am__doit target
configure:3733: $? = 0
configure:3752: result: yes (GNU style)
configure:3828: checking for gcc
configure:3849: found /usr/bin/gcc
configure:3860: result: gcc
configure:4213: checking for C compiler version
configure:4222: gcc --version >&5
gcc (GCC) 11.2.0
Copyright (C) 2021 Free Software Foundation, Inc.
This is free software; see the source for copying conditions.  There is NO
warranty; not even for MERCHANTABILITY or FITNESS FOR A PARTICULAR PURPOSE.

configure:4233: $? = 0
configure:4222: gcc -v >&5
Using built-in specs.
COLLECT_GCC=gcc
COLLECT_LTO_WRAPPER=/usr/lib/gcc/x86_64-pc-linux-gnu/11.2.0/lto-wrapper
Target: x86_64-pc-linux-gnu
Configured with: /build/gcc/src/gcc/configure --enable-languages=c,c++,ada,fortran,go,lto,objc,obj-c++,d --enable-bootstrap --prefix=/usr --libdir=/usr/lib --libexecdir=/usr/lib --mandir=/usr/share/man --infodir=/usr/share/info --with-bugurl=https://bugs.archlinux.org/ --with-linker-hash-style=gnu --with-system-zlib --enable-__cxa_atexit --enable-cet=auto --enable-checking=release --enable-clocale=gnu --enable-default-pie --enable-default-ssp --enable-gnu-indirect-function --enable-gnu-unique-object --enable-linker-build-id --enable-lto --enable-multilib --enable-plugin --enable-shared --enable-threads=posix --disable-libssp --disable-libstdcxx-pch --disable-werror --with-build-config=bootstrap-lto --enable-link-serialization=1 gdc_include_dir=/usr/include/dlang/gdc
Thread model: posix
Supported LTO compression algorithms: zlib zstd
gcc version 11.2.0 (GCC) 
configure:4233: $? = 0
configure:4222: gcc -V >&5
gcc: error: unrecognized command-line option '-V'
gcc: fatal error: no input files
compilation terminated.
configure:4233: $? = 1
configure:4222: gcc -qversion >&5
gcc: error: unrecognized command-line option '-qversion'; did you mean '--version'?
gcc: fatal error: no input files
compilation terminated.
configure:4233: $? = 1
configure:4222: gcc -version >&5
gcc: error: unrecognized command-line option '-version'
gcc: fatal error: no input files
compilation terminated.
configure:4233: $? = 1
configure:4253: checking whether the C compiler works
configure:4275: gcc    conftest.c  >&5
configure:4279: $? = 0
configure:4329: result: yes
configure:4332: checking for C compiler default output file name
configure:4334: result: a.out
configure:4340: checking for suffix of executables
configure:4347: gcc -o conftest    conftest.c  >&5
configure:4351: $? = 0
configure:4374: result: 
configure:4396: checking whether we are cross compiling
configure:4404: gcc -o conftest    conftest.c  >&5
configure:4408: $? = 0
configure:4415: ./conftest
configure:4419: $? = 0
configure:4434: result: no
configure:4439: checking for suffix of object files
configure:4462: gcc -c   conftest.c >&5
configure:4466: $? = 0
configure:4488: result: o
configure:4492: checking whether the compiler supports GNU C
configure:4512: gcc -c   conftest.c >&5
configure:4512: $? = 0
configure:4522: result: yes
configure:4533: checking whether gcc accepts -g
configure:4554: gcc -c -g  conftest.c >&5
configure:4554: $? = 0
configure:4598: result: yes
configure:4618: checking for gcc option to enable C11 features
configure:4633: gcc  -c -g -O2  conftest.c >&5
configure:4633: $? = 0
configure:4651: result: none needed
configure:4767: checking whether gcc understands -c and -o together
configure:4790: gcc -c conftest.c -o conftest2.o
configure:4793: $? = 0
configure:4790: gcc -c conftest.c -o conftest2.o
configure:4793: $? = 0
configure:4805: result: yes
configure:4824: checking dependency style of gcc
configure:4936: result: gcc3
configure:4956: checking for stdio.h
configure:4956: gcc -c -g -O2  conftest.c >&5
configure:4956: $? = 0
configure:4956: result: yes
configure:4956: checking for stdlib.h
configure:4956: gcc -c -g -O2  conftest.c >&5
configure:4956: $? = 0
configure:4956: result: yes
configure:4956: checking for string.h
configure:4956: gcc -c -g -O2  conftest.c >&5
configure:4956: $? = 0
configure:4956: result: yes
configure:4956: checking for inttypes.h
configure:4956: gcc -c -g -O2  conftest.c >&5
configure:4956: $? = 0
configure:4956: result: yes
configure:4956: checking for stdint.h
configure:4956: gcc -c -g -O2  conftest.c >&5
configure:4956: $? = 0
configure:4956: result: yes
configure:4956: checking for strings.h
configure:4956: gcc -c -g -O2  conftest.c >&5
configure:4956: $? = 0
configure:4956: result: yes
configure:4956: checking for sys/stat.h
configure:4956: gcc -c -g -O2  conftest.c >&5
configure:4956: $? = 0
configure:4956: result: yes
configure:4956: checking for sys/types.h
configure:4956: gcc -c -g -O2  conftest.c >&5
configure:4956: $? = 0
configure:4956: result: yes
configure:4956: checking for unistd.h
configure:4956: gcc -c -g -O2  conftest.c >&5
configure:4956: $? = 0
configure:4956: result: yes
configure:4956: checking for wchar.h
configure:4956: gcc -c -g -O2  conftest.c >&5
configure:4956: $? = 0
configure:4956: result: yes
configure:4956: checking for minix/config.h
configure:4956: gcc -c -g -O2  conftest.c >&5
conftest.c:49:10: fatal error: minix/config.h: No such file or directory
   49 | #include <minix/config.h>
      |          ^~~~~~~~~~~~~~~~
compilation terminated.
configure:4956: $? = 1
configure: failed program was:
| /* confdefs.h */
| #define PACKAGE_NAME "gtkmm-plplot"
| #define PACKAGE_TARNAME "gtkmm-plplot"
| #define PACKAGE_VERSION "2.5"
| #define PACKAGE_STRING "gtkmm-plplot 2.5"
| #define PACKAGE_BUGREPORT "tom.schoonjans@me.com"
| #define PACKAGE_URL "https://github.com/tschoonj/gtkmm-plplot"
| #define PACKAGE "gtkmm-plplot"
| #define VERSION "2.5"
| #define HAVE_STDIO_H 1
| #define HAVE_STDLIB_H 1
| #define HAVE_STRING_H 1
| #define HAVE_INTTYPES_H 1
| #define HAVE_STDINT_H 1
| #define HAVE_STRINGS_H 1
| #define HAVE_SYS_STAT_H 1
| #define HAVE_SYS_TYPES_H 1
| #define HAVE_UNISTD_H 1
| #define HAVE_WCHAR_H 1
| /* end confdefs.h.  */
| #include <stddef.h>
| #ifdef HAVE_STDIO_H
| # include <stdio.h>
| #endif
| #ifdef HAVE_STDLIB_H
| # include <stdlib.h>
| #endif
| #ifdef HAVE_STRING_H
| # include <string.h>
| #endif
| #ifdef HAVE_INTTYPES_H
| # include <inttypes.h>
| #endif
| #ifdef HAVE_STDINT_H
| # include <stdint.h>
| #endif
| #ifdef HAVE_STRINGS_H
| # include <strings.h>
| #endif
| #ifdef HAVE_SYS_TYPES_H
| # include <sys/types.h>
| #endif
| #ifdef HAVE_SYS_STAT_H
| # include <sys/stat.h>
| #endif
| #ifdef HAVE_UNISTD_H
| # include <unistd.h>
| #endif
| #include <minix/config.h>
configure:4956: result: no
configure:4987: checking whether it is safe to define __EXTENSIONS__
configure:5006: gcc -c -g -O2  conftest.c >&5
configure:5006: $? = 0
configure:5014: result: yes
configure:5017: checking whether _XOPEN_SOURCE should be defined
configure:5039: gcc -c -g -O2  conftest.c >&5
configure:5039: $? = 0
configure:5066: result: no
configure:5177: checking for ar
configure:5198: found /usr/bin/ar
configure:5209: result: ar
configure:5235: checking the archiver (ar) interface
configure:5252: gcc -c -g -O2  conftest.c >&5
configure:5252: $? = 0
configure:5255: ar cru libconftest.a conftest.o >&5
ar: `u' modifier ignored since `D' is the default (see `U')
configure:5258: $? = 0
configure:5286: result: ar
configure:5354: checking how to print strings
configure:5381: result: printf
configure:5402: checking for a sed that does not truncate output
configure:5472: result: /usr/bin/sed
configure:5490: checking for grep that handles long lines and -e
configure:5554: result: /usr/bin/grep
configure:5559: checking for egrep
configure:5627: result: /usr/bin/grep -E
configure:5632: checking for fgrep
configure:5700: result: /usr/bin/grep -F
configure:5736: checking for ld used by gcc
configure:5804: result: /usr/bin/ld
configure:5811: checking if the linker (/usr/bin/ld) is GNU ld
configure:5827: result: yes
configure:5839: checking for BSD- or MS-compatible name lister (nm)
configure:5894: result: /usr/bin/nm -B
configure:6034: checking the name lister (/usr/bin/nm -B) interface
configure:6042: gcc -c -g -O2  conftest.c >&5
configure:6045: /usr/bin/nm -B "conftest.o"
configure:6048: output
0000000000000000 B some_variable
configure:6055: result: BSD nm
configure:6058: checking whether ln -s works
configure:6062: result: yes
configure:6070: checking the maximum length of command line arguments
configure:6202: result: 1572864
configure:6250: checking how to convert x86_64-pc-linux-gnu file names to x86_64-pc-linux-gnu format
configure:6291: result: func_convert_file_noop
configure:6298: checking how to convert x86_64-pc-linux-gnu file names to toolchain format
configure:6319: result: func_convert_file_noop
configure:6326: checking for /usr/bin/ld option to reload object files
configure:6334: result: -r
configure:6413: checking for file
configure:6434: found /usr/bin/file
configure:6445: result: file
configure:6521: checking for objdump
configure:6542: found /usr/bin/objdump
configure:6553: result: objdump
configure:6585: checking how to recognize dependent libraries
configure:6786: result: pass_all
configure:6876: checking for dlltool
configure:6911: result: no
configure:6941: checking how to associate runtime and link libraries
configure:6969: result: printf %s\n
configure:7119: checking for archiver @FILE support
configure:7137: gcc -c -g -O2  conftest.c >&5
configure:7137: $? = 0
configure:7141: ar cr libconftest.a @conftest.lst >&5
configure:7144: $? = 0
configure:7149: ar cr libconftest.a @conftest.lst >&5
ar: conftest.o: No such file or directory
configure:7152: $? = 1
configure:7164: result: @
configure:7227: checking for strip
configure:7248: found /usr/bin/strip
configure:7259: result: strip
configure:7336: checking for ranlib
configure:7357: found /usr/bin/ranlib
configure:7368: result: ranlib
configure:7470: checking command to parse /usr/bin/nm -B output from gcc object
configure:7624: gcc -c -g -O2  conftest.c >&5
configure:7627: $? = 0
configure:7631: /usr/bin/nm -B conftest.o \| /usr/bin/sed -n -e 's/^.*[ ]\([ABCDGIRSTW][ABCDGIRSTW]*\)[ ][ ]*\([_A-Za-z][_A-Za-z0-9]*\)$/\1 \2 \2/p' | /usr/bin/sed '/ __gnu_lto/d' \> conftest.nm
configure:7634: $? = 0
configure:7700: gcc -o conftest -g -O2   conftest.c conftstm.o >&5
configure:7703: $? = 0
configure:7741: result: ok
configure:7788: checking for sysroot
configure:7819: result: no
configure:7826: checking for a working dd
configure:7870: result: /usr/bin/dd
configure:7874: checking how to truncate binary pipes
configure:7890: result: /usr/bin/dd bs=4096 count=1
configure:8027: gcc -c -g -O2  conftest.c >&5
configure:8030: $? = 0
configure:8227: checking for mt
configure:8262: result: no
configure:8282: checking if : is a manifest tool
configure:8289: : '-?'
configure:8297: result: no
configure:9018: checking for dlfcn.h
configure:9018: gcc -c -g -O2  conftest.c >&5
configure:9018: $? = 0
configure:9018: result: yes
configure:9276: checking for objdir
configure:9292: result: .libs
configure:9556: checking if gcc supports -fno-rtti -fno-exceptions
configure:9575: gcc -c -g -O2  -fno-rtti -fno-exceptions conftest.c >&5
cc1: warning: command-line option '-fno-rtti' is valid for C++/D/ObjC++ but not for C
configure:9579: $? = 0
configure:9592: result: no
configure:9950: checking for gcc option to produce PIC
configure:9958: result: -fPIC -DPIC
configure:9966: checking if gcc PIC flag -fPIC -DPIC works
configure:9985: gcc -c -g -O2  -fPIC -DPIC -DPIC conftest.c >&5
configure:9989: $? = 0
configure:10002: result: yes
configure:10031: checking if gcc static flag -static works
configure:10060: result: yes
configure:10075: checking if gcc supports -c -o file.o
configure:10097: gcc -c -g -O2  -o out/conftest2.o conftest.c >&5
configure:10101: $? = 0
configure:10123: result: yes
configure:10131: checking if gcc supports -c -o file.o
configure:10179: result: yes
configure:10212: checking whether the gcc linker (/usr/bin/ld -m elf_x86_64) supports shared libraries
configure:11480: result: yes
configure:11517: checking whether -lc should be explicitly linked in
configure:11526: gcc -c -g -O2  conftest.c >&5
configure:11529: $? = 0
configure:11544: gcc -shared  -fPIC -DPIC conftest.o  -v -Wl,-soname -Wl,conftest -o conftest 2\>\&1 \| /usr/bin/grep  -lc  \>/dev/null 2\>\&1
configure:11547: $? = 0
configure:11561: result: no
configure:11721: checking dynamic linker characteristics
configure:12303: gcc -o conftest -g -O2   -Wl,-rpath -Wl,/foo conftest.c  >&5
configure:12303: $? = 0
configure:12542: result: GNU/Linux ld.so
configure:12664: checking how to hardcode library paths into programs
configure:12689: result: immediate
configure:13241: checking whether stripping libraries is possible
configure:13250: result: yes
configure:13292: checking if libtool supports shared libraries
configure:13294: result: yes
configure:13297: checking whether to build shared libraries
configure:13322: result: yes
configure:13325: checking whether to build static libraries
configure:13329: result: no
configure:13369: checking whether make supports GNU make features
test 'success' = success
configure:13384: result: yes
configure:13474: checking for gcc
configure:13506: result: gcc
configure:13859: checking for C compiler version
configure:13868: gcc --version >&5
gcc (GCC) 11.2.0
Copyright (C) 2021 Free Software Foundation, Inc.
This is free software; see the source for copying conditions.  There is NO
warranty; not even for MERCHANTABILITY or FITNESS FOR A PARTICULAR PURPOSE.

configure:13879: $? = 0
configure:13868: gcc -v >&5
Using built-in specs.
COLLECT_GCC=gcc
COLLECT_LTO_WRAPPER=/usr/lib/gcc/x86_64-pc-linux-gnu/11.2.0/lto-wrapper
Target: x86_64-pc-linux-gnu
Configured with: /build/gcc/src/gcc/configure --enable-languages=c,c++,ada,fortran,go,lto,objc,obj-c++,d --enable-bootstrap --prefix=/usr --libdir=/usr/lib --libexecdir=/usr/lib --mandir=/usr/share/man --infodir=/usr/share/info --with-bugurl=https://bugs.archlinux.org/ --with-linker-hash-style=gnu --with-system-zlib --enable-__cxa_atexit --enable-cet=auto --enable-checking=release --enable-clocale=gnu --enable-default-pie --enable-default-ssp --enable-gnu-indirect-function --enable-gnu-unique-object --enable-linker-build-id --enable-lto --enable-multilib --enable-plugin --enable-shared --enable-threads=posix --disable-libssp --disable-libstdcxx-pch --disable-werror --with-build-config=bootstrap-lto --enable-link-serialization=1 gdc_include_dir=/usr/include/dlang/gdc
Thread model: posix
Supported LTO compression algorithms: zlib zstd
gcc version 11.2.0 (GCC) 
configure:13879: $? = 0
configure:13868: gcc -V >&5
gcc: error: unrecognized command-line option '-V'
gcc: fatal error: no input files
compilation terminated.
configure:13879: $? = 1
configure:13868: gcc -qversion >&5
gcc: error: unrecognized command-line option '-qversion'; did you mean '--version'?
gcc: fatal error: no input files
compilation terminated.
configure:13879: $? = 1
configure:13868: gcc -version >&5
gcc: error: unrecognized command-line option '-version'
gcc: fatal error: no input files
compilation terminated.
configure:13879: $? = 1
configure:13883: checking whether the compiler supports GNU C
configure:13913: result: yes
configure:13924: checking whether gcc accepts -g
configure:13989: result: yes
configure:14009: checking for gcc option to enable C11 features
configure:14042: result: none needed
configure:14158: checking whether gcc understands -c and -o together
configure:14196: result: yes
configure:14215: checking dependency style of gcc
configure:14327: result: gcc3
configure:14362: checking for gcc
configure:14383: found /usr/bin/gcc
configure:14395: result: gcc
configure:14480: checking for g++
configure:14501: found /usr/bin/g++
configure:14512: result: g++
configure:14539: checking for C++ compiler version
configure:14548: g++ --version >&5
g++ (GCC) 11.2.0
Copyright (C) 2021 Free Software Foundation, Inc.
This is free software; see the source for copying conditions.  There is NO
warranty; not even for MERCHANTABILITY or FITNESS FOR A PARTICULAR PURPOSE.

configure:14559: $? = 0
configure:14548: g++ -v >&5
Using built-in specs.
COLLECT_GCC=g++
COLLECT_LTO_WRAPPER=/usr/lib/gcc/x86_64-pc-linux-gnu/11.2.0/lto-wrapper
Target: x86_64-pc-linux-gnu
Configured with: /build/gcc/src/gcc/configure --enable-languages=c,c++,ada,fortran,go,lto,objc,obj-c++,d --enable-bootstrap --prefix=/usr --libdir=/usr/lib --libexecdir=/usr/lib --mandir=/usr/share/man --infodir=/usr/share/info --with-bugurl=https://bugs.archlinux.org/ --with-linker-hash-style=gnu --with-system-zlib --enable-__cxa_atexit --enable-cet=auto --enable-checking=release --enable-clocale=gnu --enable-default-pie --enable-default-ssp --enable-gnu-indirect-function --enable-gnu-unique-object --enable-linker-build-id --enable-lto --enable-multilib --enable-plugin --enable-shared --enable-threads=posix --disable-libssp --disable-libstdcxx-pch --disable-werror --with-build-config=bootstrap-lto --enable-link-serialization=1 gdc_include_dir=/usr/include/dlang/gdc
Thread model: posix
Supported LTO compression algorithms: zlib zstd
gcc version 11.2.0 (GCC) 
configure:14559: $? = 0
configure:14548: g++ -V >&5
g++: error: unrecognized command-line option '-V'
g++: fatal error: no input files
compilation terminated.
configure:14559: $? = 1
configure:14548: g++ -qversion >&5
g++: error: unrecognized command-line option '-qversion'; did you mean '--version'?
g++: fatal error: no input files
compilation terminated.
configure:14559: $? = 1
configure:14563: checking whether the compiler supports GNU C++
configure:14583: g++ -c   conftest.cpp >&5
configure:14583: $? = 0
configure:14593: result: yes
configure:14604: checking whether g++ accepts -g
configure:14625: g++ -c -g  conftest.cpp >&5
configure:14625: $? = 0
configure:14669: result: yes
configure:14689: checking for g++ option to enable C++11 features
configure:14704: g++  -c -g -O2  conftest.cpp >&5
conftest.cpp: In function 'int main(int, char**)':
conftest.cpp:208:25: warning: empty parentheses were disambiguated as a function declaration [-Wvexing-parse]
  208 |   cxx11test::delegate d2();
      |                         ^~
conftest.cpp:208:25: note: remove parentheses to default-initialize a variable
  208 |   cxx11test::delegate d2();
      |                         ^~
      |                         --
conftest.cpp:208:25: note: or replace parentheses with braces to value-initialize a variable
configure:14704: $? = 0
configure:14722: result: none needed
configure:14788: checking dependency style of g++
configure:14900: result: gcc3
configure:14933: checking how to run the C++ preprocessor
configure:14955: g++ -E  conftest.cpp
configure:14955: $? = 0
configure:14970: g++ -E  conftest.cpp
conftest.cpp:42:10: fatal error: ac_nonexistent.h: No such file or directory
   42 | #include <ac_nonexistent.h>
      |          ^~~~~~~~~~~~~~~~~~
compilation terminated.
configure:14970: $? = 1
configure: failed program was:
| /* confdefs.h */
| #define PACKAGE_NAME "gtkmm-plplot"
| #define PACKAGE_TARNAME "gtkmm-plplot"
| #define PACKAGE_VERSION "2.5"
| #define PACKAGE_STRING "gtkmm-plplot 2.5"
| #define PACKAGE_BUGREPORT "tom.schoonjans@me.com"
| #define PACKAGE_URL "https://github.com/tschoonj/gtkmm-plplot"
| #define PACKAGE "gtkmm-plplot"
| #define VERSION "2.5"
| #define HAVE_STDIO_H 1
| #define HAVE_STDLIB_H 1
| #define HAVE_STRING_H 1
| #define HAVE_INTTYPES_H 1
| #define HAVE_STDINT_H 1
| #define HAVE_STRINGS_H 1
| #define HAVE_SYS_STAT_H 1
| #define HAVE_SYS_TYPES_H 1
| #define HAVE_UNISTD_H 1
| #define HAVE_WCHAR_H 1
| #define STDC_HEADERS 1
| #define _ALL_SOURCE 1
| #define _DARWIN_C_SOURCE 1
| #define _GNU_SOURCE 1
| #define _HPUX_ALT_XOPEN_SOCKET_API 1
| #define _NETBSD_SOURCE 1
| #define _OPENBSD_SOURCE 1
| #define _POSIX_PTHREAD_SEMANTICS 1
| #define __STDC_WANT_IEC_60559_ATTRIBS_EXT__ 1
| #define __STDC_WANT_IEC_60559_BFP_EXT__ 1
| #define __STDC_WANT_IEC_60559_DFP_EXT__ 1
| #define __STDC_WANT_IEC_60559_FUNCS_EXT__ 1
| #define __STDC_WANT_IEC_60559_TYPES_EXT__ 1
| #define __STDC_WANT_LIB_EXT2__ 1
| #define __STDC_WANT_MATH_SPEC_FUNCS__ 1
| #define _TANDEM_SOURCE 1
| #define __EXTENSIONS__ 1
| #define HAVE_DLFCN_H 1
| #define LT_OBJDIR ".libs/"
| #define GTKMM_PLPLOT_MAJOR_VERSION 2
| #define GTKMM_PLPLOT_MINOR_VERSION 5
| /* end confdefs.h.  */
| #include <ac_nonexistent.h>
configure:14997: result: g++ -E
configure:15011: g++ -E  conftest.cpp
configure:15011: $? = 0
configure:15026: g++ -E  conftest.cpp
conftest.cpp:42:10: fatal error: ac_nonexistent.h: No such file or directory
   42 | #include <ac_nonexistent.h>
      |          ^~~~~~~~~~~~~~~~~~
compilation terminated.
configure:15026: $? = 1
configure: failed program was:
| /* confdefs.h */
| #define PACKAGE_NAME "gtkmm-plplot"
| #define PACKAGE_TARNAME "gtkmm-plplot"
| #define PACKAGE_VERSION "2.5"
| #define PACKAGE_STRING "gtkmm-plplot 2.5"
| #define PACKAGE_BUGREPORT "tom.schoonjans@me.com"
| #define PACKAGE_URL "https://github.com/tschoonj/gtkmm-plplot"
| #define PACKAGE "gtkmm-plplot"
| #define VERSION "2.5"
| #define HAVE_STDIO_H 1
| #define HAVE_STDLIB_H 1
| #define HAVE_STRING_H 1
| #define HAVE_INTTYPES_H 1
| #define HAVE_STDINT_H 1
| #define HAVE_STRINGS_H 1
| #define HAVE_SYS_STAT_H 1
| #define HAVE_SYS_TYPES_H 1
| #define HAVE_UNISTD_H 1
| #define HAVE_WCHAR_H 1
| #define STDC_HEADERS 1
| #define _ALL_SOURCE 1
| #define _DARWIN_C_SOURCE 1
| #define _GNU_SOURCE 1
| #define _HPUX_ALT_XOPEN_SOCKET_API 1
| #define _NETBSD_SOURCE 1
| #define _OPENBSD_SOURCE 1
| #define _POSIX_PTHREAD_SEMANTICS 1
| #define __STDC_WANT_IEC_60559_ATTRIBS_EXT__ 1
| #define __STDC_WANT_IEC_60559_BFP_EXT__ 1
| #define __STDC_WANT_IEC_60559_DFP_EXT__ 1
| #define __STDC_WANT_IEC_60559_FUNCS_EXT__ 1
| #define __STDC_WANT_IEC_60559_TYPES_EXT__ 1
| #define __STDC_WANT_LIB_EXT2__ 1
| #define __STDC_WANT_MATH_SPEC_FUNCS__ 1
| #define _TANDEM_SOURCE 1
| #define __EXTENSIONS__ 1
| #define HAVE_DLFCN_H 1
| #define LT_OBJDIR ".libs/"
| #define GTKMM_PLPLOT_MAJOR_VERSION 2
| #define GTKMM_PLPLOT_MINOR_VERSION 5
| /* end confdefs.h.  */
| #include <ac_nonexistent.h>
configure:15191: checking for ld used by g++
configure:15259: result: /usr/bin/ld -m elf_x86_64
configure:15266: checking if the linker (/usr/bin/ld -m elf_x86_64) is GNU ld
configure:15282: result: yes
configure:15337: checking whether the g++ linker (/usr/bin/ld -m elf_x86_64) supports shared libraries
configure:16415: result: yes
configure:16451: g++ -c -g -O2  conftest.cpp >&5
configure:16454: $? = 0
configure:16935: checking for g++ option to produce PIC
configure:16943: result: -fPIC -DPIC
configure:16951: checking if g++ PIC flag -fPIC -DPIC works
configure:16970: g++ -c -g -O2  -fPIC -DPIC -DPIC conftest.cpp >&5
configure:16974: $? = 0
configure:16987: result: yes
configure:17010: checking if g++ static flag -static works
configure:17039: result: yes
configure:17051: checking if g++ supports -c -o file.o
configure:17073: g++ -c -g -O2  -o out/conftest2.o conftest.cpp >&5
configure:17077: $? = 0
configure:17099: result: yes
configure:17104: checking if g++ supports -c -o file.o
configure:17152: result: yes
configure:17182: checking whether the g++ linker (/usr/bin/ld -m elf_x86_64) supports shared libraries
configure:17222: result: yes
configure:17364: checking dynamic linker characteristics
configure:18112: result: GNU/Linux ld.so
configure:18177: checking how to hardcode library paths into programs
configure:18202: result: immediate
configure:18262: checking for g++
configure:18283: found /usr/bin/g++
configure:18295: result: g++
configure:18316: checking whether g++ supports C++11 features by default
configure:18374: g++ -c -g -O2  conftest.cpp >&5
configure:18374: $? = 0
configure:18382: result: yes
configure: this is boost.m4 serial 24
configure:18529: checking for Boost headers version >= 0.0.0
configure:18601: g++ -c -g -O2  conftest.cpp >&5
conftest.cpp:42:10: fatal error: boost/version.hpp: No such file or directory
   42 | #include <boost/version.hpp>
      |          ^~~~~~~~~~~~~~~~~~~
compilation terminated.
configure:18601: $? = 1
configure: failed program was:
| /* confdefs.h */
| #define PACKAGE_NAME "gtkmm-plplot"
| #define PACKAGE_TARNAME "gtkmm-plplot"
| #define PACKAGE_VERSION "2.5"
| #define PACKAGE_STRING "gtkmm-plplot 2.5"
| #define PACKAGE_BUGREPORT "tom.schoonjans@me.com"
| #define PACKAGE_URL "https://github.com/tschoonj/gtkmm-plplot"
| #define PACKAGE "gtkmm-plplot"
| #define VERSION "2.5"
| #define HAVE_STDIO_H 1
| #define HAVE_STDLIB_H 1
| #define HAVE_STRING_H 1
| #define HAVE_INTTYPES_H 1
| #define HAVE_STDINT_H 1
| #define HAVE_STRINGS_H 1
| #define HAVE_SYS_STAT_H 1
| #define HAVE_SYS_TYPES_H 1
| #define HAVE_UNISTD_H 1
| #define HAVE_WCHAR_H 1
| #define STDC_HEADERS 1
| #define _ALL_SOURCE 1
| #define _DARWIN_C_SOURCE 1
| #define _GNU_SOURCE 1
| #define _HPUX_ALT_XOPEN_SOCKET_API 1
| #define _NETBSD_SOURCE 1
| #define _OPENBSD_SOURCE 1
| #define _POSIX_PTHREAD_SEMANTICS 1
| #define __STDC_WANT_IEC_60559_ATTRIBS_EXT__ 1
| #define __STDC_WANT_IEC_60559_BFP_EXT__ 1
| #define __STDC_WANT_IEC_60559_DFP_EXT__ 1
| #define __STDC_WANT_IEC_60559_FUNCS_EXT__ 1
| #define __STDC_WANT_IEC_60559_TYPES_EXT__ 1
| #define __STDC_WANT_LIB_EXT2__ 1
| #define __STDC_WANT_MATH_SPEC_FUNCS__ 1
| #define _TANDEM_SOURCE 1
| #define __EXTENSIONS__ 1
| #define HAVE_DLFCN_H 1
| #define LT_OBJDIR ".libs/"
| #define GTKMM_PLPLOT_MAJOR_VERSION 2
| #define GTKMM_PLPLOT_MINOR_VERSION 5
| /* end confdefs.h.  */
| #include <boost/version.hpp>
| #if !defined BOOST_VERSION
| # error BOOST_VERSION is not defined
| #elif BOOST_VERSION < 0
| # error Boost headers version < 0
| #endif
| 
| int
| main (void)
| {
| 
|   ;
|   return 0;
| }
configure:18623: result: no
configure:18628: cannot find Boost headers version >= 0.0.0
configure:18834: checking for pkg-config
configure:18857: found /usr/bin/pkg-config
configure:18869: result: /usr/bin/pkg-config
configure:18894: checking pkg-config is at least version 0.26
configure:18897: result: yes
configure:18910: checking for gtkmm
configure:18917: $PKG_CONFIG --exists --print-errors "gtkmm-3.0 >= 3.0.0"
configure:18920: $? = 0
configure:18934: $PKG_CONFIG --exists --print-errors "gtkmm-3.0 >= 3.0.0"
configure:18937: $? = 0
configure:18995: result: yes
configure:19001: checking for plplotcxx
configure:19008: $PKG_CONFIG --exists --print-errors "plplot-c++ >= 5.11.0"
configure:19011: $? = 0
configure:19025: $PKG_CONFIG --exists --print-errors "plplot-c++ >= 5.11.0"
configure:19028: $? = 0
configure:19248: result: yes
configure:19259: checking for plplot extcairo device
configure:19286: gcc -c -I/usr/include/plplot   conftest.c >&5
configure:19286: $? = 0
configure:19295: result: yes
configure:19317: checking for perl
configure:19340: found /usr/bin/perl
configure:19353: result: /usr/bin/perl
configure:19364: checking for dot
configure:19400: result: dot
configure:19410: checking for doxygen
configure:19446: result: doxygen
configure:19456: checking for xsltproc
configure:19479: found /usr/bin/xsltproc
configure:19492: result: /usr/bin/xsltproc
configure:19541: WARNING: The documentation cannot be generated because
not all of the required tools are available: dot doxygen
configure:20327: checking that generated files are newer than configure
configure:20333: result: done
configure:20384: creating ./config.status

## ---------------------- ##
## Running config.status. ##
## ---------------------- ##

This file was extended by gtkmm-plplot config.status 2.5, which was
generated by GNU Autoconf 2.71.  Invocation command line was

  CONFIG_FILES    = 
  CONFIG_HEADERS  = 
  CONFIG_LINKS    = 
  CONFIG_COMMANDS = 
  $ ./config.status 

on vencez

config.status:1226: creating Makefile
config.status:1226: creating gtkmm-plplot/Makefile
config.status:1226: creating tests/Makefile
config.status:1226: creating docs/Makefile
config.status:1226: creating docs/images/Makefile
config.status:1226: creating docs/Doxyfile
config.status:1226: creating gtkmm-plplot-2.0.pc
config.status:1226: creating gtkmm-plplot.spec
config.status:1226: creating config.h
config.status:1226: creating gtkmm-plplot/gtkmm-plplotconfig.h
config.status:1455: executing depfiles commands
config.status:1532: cd gtkmm-plplot       && sed -e '/# am--include-marker/d' Makefile         | make -f - am--depfiles
config.status:1537: $? = 0
config.status:1532: cd tests       && sed -e '/# am--include-marker/d' Makefile         | make -f - am--depfiles
config.status:1537: $? = 0
config.status:1455: executing libtool commands

## ---------------- ##
## Cache variables. ##
## ---------------- ##

ac_cv_build=x86_64-pc-linux-gnu
ac_cv_c_compiler_gnu=yes
ac_cv_cxx_compiler_gnu=yes
ac_cv_env_BOOST_ROOT_set=
ac_cv_env_BOOST_ROOT_value=
ac_cv_env_CCC_set=
ac_cv_env_CCC_value=
ac_cv_env_CC_set=
ac_cv_env_CC_value=
ac_cv_env_CFLAGS_set=
ac_cv_env_CFLAGS_value=
ac_cv_env_CPPFLAGS_set=
ac_cv_env_CPPFLAGS_value=
ac_cv_env_CXXCPP_set=
ac_cv_env_CXXCPP_value=
ac_cv_env_CXXFLAGS_set=
ac_cv_env_CXXFLAGS_value=
ac_cv_env_CXX_set=
ac_cv_env_CXX_value=
ac_cv_env_DOT_set=
ac_cv_env_DOT_value=
ac_cv_env_DOXYGEN_set=
ac_cv_env_DOXYGEN_value=
ac_cv_env_LDFLAGS_set=
ac_cv_env_LDFLAGS_value=
ac_cv_env_LIBS_set=
ac_cv_env_LIBS_value=
ac_cv_env_LT_SYS_LIBRARY_PATH_set=
ac_cv_env_LT_SYS_LIBRARY_PATH_value=
ac_cv_env_PERL_set=
ac_cv_env_PERL_value=
ac_cv_env_PKG_CONFIG_LIBDIR_set=
ac_cv_env_PKG_CONFIG_LIBDIR_value=
ac_cv_env_PKG_CONFIG_PATH_set=
ac_cv_env_PKG_CONFIG_PATH_value=
ac_cv_env_PKG_CONFIG_set=
ac_cv_env_PKG_CONFIG_value=
ac_cv_env_XSLTPROC_set=
ac_cv_env_XSLTPROC_value=
ac_cv_env_build_alias_set=
ac_cv_env_build_alias_value=
ac_cv_env_gtkmm_CFLAGS_set=
ac_cv_env_gtkmm_CFLAGS_value=
ac_cv_env_gtkmm_LIBS_set=
ac_cv_env_gtkmm_LIBS_value=
ac_cv_env_host_alias_set=
ac_cv_env_host_alias_value=
ac_cv_env_plplotcxx_CFLAGS_set=
ac_cv_env_plplotcxx_CFLAGS_value=
ac_cv_env_plplotcxx_LIBS_set=
ac_cv_env_plplotcxx_LIBS_value=
ac_cv_env_target_alias_set=
ac_cv_env_target_alias_value=
ac_cv_header_dlfcn_h=yes
ac_cv_header_inttypes_h=yes
ac_cv_header_minix_config_h=no
ac_cv_header_stdint_h=yes
ac_cv_header_stdio_h=yes
ac_cv_header_stdlib_h=yes
ac_cv_header_string_h=yes
ac_cv_header_strings_h=yes
ac_cv_header_sys_stat_h=yes
ac_cv_header_sys_types_h=yes
ac_cv_header_unistd_h=yes
ac_cv_header_wchar_h=yes
ac_cv_host=x86_64-pc-linux-gnu
ac_cv_objext=o
ac_cv_path_DOT=dot
ac_cv_path_DOXYGEN=doxygen
ac_cv_path_EGREP='/usr/bin/grep -E'
ac_cv_path_FGREP='/usr/bin/grep -F'
ac_cv_path_GREP=/usr/bin/grep
ac_cv_path_PERL=/usr/bin/perl
ac_cv_path_SED=/usr/bin/sed
ac_cv_path_XSLTPROC=/usr/bin/xsltproc
ac_cv_path_ac_pt_PKG_CONFIG=/usr/bin/pkg-config
ac_cv_path_install='/usr/bin/install -c'
ac_cv_path_lt_DD=/usr/bin/dd
ac_cv_path_mkdir=/usr/bin/mkdir
ac_cv_prog_AWK=gawk
ac_cv_prog_CC_FULL=gcc
ac_cv_prog_CXXCPP='g++ -E'
ac_cv_prog_CXX_FULL=g++
ac_cv_prog_ac_ct_AR=ar
ac_cv_prog_ac_ct_CC=gcc
ac_cv_prog_ac_ct_CXX=g++
ac_cv_prog_ac_ct_FILECMD=file
ac_cv_prog_ac_ct_OBJDUMP=objdump
ac_cv_prog_ac_ct_RANLIB=ranlib
ac_cv_prog_ac_ct_STRIP=strip
ac_cv_prog_cc_c11=
ac_cv_prog_cc_g=yes
ac_cv_prog_cc_stdc=
ac_cv_prog_cxx_11=no
ac_cv_prog_cxx_cxx11=
ac_cv_prog_cxx_g=yes
ac_cv_prog_cxx_stdcxx=
ac_cv_prog_make_make_set=yes
ac_cv_safe_to_define___extensions__=yes
ac_cv_should_define__xopen_source=no
am_cv_CC_dependencies_compiler_type=gcc3
am_cv_CXX_dependencies_compiler_type=gcc3
am_cv_ar_interface=ar
am_cv_make_support_nested_variables=yes
am_cv_prog_cc_c_o=yes
ax_cv_cxx_compile_cxx11=yes
boost_cv_inc_path=no
boost_cv_version=no
lt_cv_ar_at_file=@
lt_cv_archive_cmds_need_lc=no
lt_cv_deplibs_check_method=pass_all
lt_cv_file_magic_cmd='$MAGIC_CMD'
lt_cv_file_magic_test_file=
lt_cv_ld_reload_flag=-r
lt_cv_nm_interface='BSD nm'
lt_cv_objdir=.libs
lt_cv_path_LD=/usr/bin/ld
lt_cv_path_LDCXX='/usr/bin/ld -m elf_x86_64'
lt_cv_path_NM='/usr/bin/nm -B'
lt_cv_path_mainfest_tool=no
lt_cv_prog_compiler_c_o=yes
lt_cv_prog_compiler_c_o_CXX=yes
lt_cv_prog_compiler_pic='-fPIC -DPIC'
lt_cv_prog_compiler_pic_CXX='-fPIC -DPIC'
lt_cv_prog_compiler_pic_works=yes
lt_cv_prog_compiler_pic_works_CXX=yes
lt_cv_prog_compiler_rtti_exceptions=no
lt_cv_prog_compiler_static_works=yes
lt_cv_prog_compiler_static_works_CXX=yes
lt_cv_prog_gnu_ld=yes
lt_cv_prog_gnu_ldcxx=yes
lt_cv_sharedlib_from_linklib_cmd='printf %s\n'
lt_cv_shlibpath_overrides_runpath=no
lt_cv_sys_global_symbol_pipe='/usr/bin/sed -n -e '\''s/^.*[	 ]\([ABCDGIRSTW][ABCDGIRSTW]*\)[	 ][	 ]*\([_A-Za-z][_A-Za-z0-9]*\)$/\1 \2 \2/p'\'' | /usr/bin/sed '\''/ __gnu_lto/d'\'''
lt_cv_sys_global_symbol_to_c_name_address='/usr/bin/sed -n -e '\''s/^: \(.*\) .*$/  {"\1", (void *) 0},/p'\'' -e '\''s/^[ABCDGIRSTW][ABCDGIRSTW]* .* \(.*\)$/  {"\1", (void *) \&\1},/p'\'''
lt_cv_sys_global_symbol_to_c_name_address_lib_prefix='/usr/bin/sed -n -e '\''s/^: \(.*\) .*$/  {"\1", (void *) 0},/p'\'' -e '\''s/^[ABCDGIRSTW][ABCDGIRSTW]* .* \(lib.*\)$/  {"\1", (void *) \&\1},/p'\'' -e '\''s/^[ABCDGIRSTW][ABCDGIRSTW]* .* \(.*\)$/  {"lib\1", (void *) \&\1},/p'\'''
lt_cv_sys_global_symbol_to_cdecl='/usr/bin/sed -n -e '\''s/^T .* \(.*\)$/extern int \1();/p'\'' -e '\''s/^[ABCDGIRSTW][ABCDGIRSTW]* .* \(.*\)$/extern char \1;/p'\'''
lt_cv_sys_global_symbol_to_import=
lt_cv_sys_max_cmd_len=1572864
lt_cv_to_host_file_cmd=func_convert_file_noop
lt_cv_to_tool_file_cmd=func_convert_file_noop
lt_cv_truncate_bin='/usr/bin/dd bs=4096 count=1'
pkg_cv_gtkmm_CFLAGS='-I/usr/include/gtkmm-3.0 -I/usr/lib/gtkmm-3.0/include -I/usr/include/giomm-2.4 -I/usr/lib/giomm-2.4/include -I/usr/include/glib-2.0 -I/usr/lib/glib-2.0/include -I/usr/include/sysprof-4 -I/usr/include/libmount -I/usr/include/blkid -I/usr/include/glibmm-2.4 -I/usr/lib/glibmm-2.4/include -I/usr/include/sigc++-2.0 -I/usr/lib/sigc++-2.0/include -I/usr/include/gtk-3.0 -I/usr/include/pango-1.0 -I/usr/include/harfbuzz -I/usr/include/freetype2 -I/usr/include/libpng16 -I/usr/include/fribidi -I/usr/include/cairo -I/usr/include/lzo -I/usr/include/pixman-1 -I/usr/include/gdk-pixbuf-2.0 -I/usr/include/gio-unix-2.0 -I/usr/include/cloudproviders -I/usr/include/atk-1.0 -I/usr/include/at-spi2-atk/2.0 -I/usr/include/dbus-1.0 -I/usr/lib/dbus-1.0/include -I/usr/include/at-spi-2.0 -I/usr/include/cairomm-1.0 -I/usr/lib/cairomm-1.0/include -I/usr/include/pangomm-1.4 -I/usr/lib/pangomm-1.4/include -I/usr/include/atkmm-1.6 -I/usr/lib/atkmm-1.6/include -I/usr/include/gtk-3.0/unix-print -I/usr/include/gdkmm-3.0 -I/usr/lib/gdkmm-3.0/include -pthread '
pkg_cv_gtkmm_LIBS='-lgtkmm-3.0 -latkmm-1.6 -lgdkmm-3.0 -lgiomm-2.4 -lgtk-3 -lgdk-3 -lz -latk-1.0 -lcairo-gobject -lgio-2.0 -lpangomm-1.4 -lglibmm-2.4 -lcairomm-1.0 -lsigc-2.0 -lpangocairo-1.0 -lpango-1.0 -lharfbuzz -lcairo -lgdk_pixbuf-2.0 -lgobject-2.0 -lglib-2.0 '
pkg_cv_plplotcxx_CFLAGS='-I/usr/include/plplot '
pkg_cv_plplotcxx_LIBS='-lplplotcxx '

## ----------------- ##
## Output variables. ##
## ----------------- ##

ACLOCAL='${SHELL} '\''/home/vencez/Development/zvonicev/zapoctak/gtk/gtkmm-plplot-2.5/build-aux/missing'\'' aclocal-1.16'
AMDEPBACKSLASH='\'
AMDEP_FALSE='#'
AMDEP_TRUE=''
AMTAR='$${TAR-tar}'
AM_BACKSLASH='\'
AM_DEFAULT_V='$(AM_DEFAULT_VERBOSITY)'
AM_DEFAULT_VERBOSITY='1'
AM_V='$(V)'
AR='ar'
AUTOCONF='${SHELL} '\''/home/vencez/Development/zvonicev/zapoctak/gtk/gtkmm-plplot-2.5/build-aux/missing'\'' autoconf'
AUTOHEADER='${SHELL} '\''/home/vencez/Development/zvonicev/zapoctak/gtk/gtkmm-plplot-2.5/build-aux/missing'\'' autoheader'
AUTOMAKE='${SHELL} '\''/home/vencez/Development/zvonicev/zapoctak/gtk/gtkmm-plplot-2.5/build-aux/missing'\'' automake-1.16'
AWK='gawk'
BOOST_CPPFLAGS=''
BOOST_ROOT=''
CC='gcc'
CCDEPMODE='depmode=gcc3'
CC_FULL='gcc'
CFLAGS='-g -O2'
CPPFLAGS=''
CSCOPE='cscope'
CTAGS='ctags'
CXX='g++'
CXXCPP='g++ -E'
CXXDEPMODE='depmode=gcc3'
CXXFLAGS='-g -O2'
CXX_FULL='g++'
CYGPATH_W='echo'
DEFS='-DHAVE_CONFIG_H'
DEPDIR='.deps'
DISTCHECK_CONFIGURE_FLAGS=' '\''--with-boost='\'''
DIST_DOCTOOLS_FALSE='#'
DIST_DOCTOOLS_TRUE=''
DLLTOOL='false'
DOCINSTALL_FLAGS=''
DOT='dot'
DOXYGEN='doxygen'
DOXYGEN_TAGFILES=''
DSYMUTIL=''
DUMPBIN=''
ECHO_C=''
ECHO_N='-n'
ECHO_T=''
EGREP='/usr/bin/grep -E'
ENABLE_DOCUMENTATION_FALSE=''
ENABLE_DOCUMENTATION_TRUE='#'
ETAGS='etags'
EXEEXT=''
FGREP='/usr/bin/grep -F'
FILECMD='file'
GREP='/usr/bin/grep'
GTKMM_PLPLOT_API_VERSION='2.0'
GTKMM_PLPLOT_MAJOR_VERSION='2'
GTKMM_PLPLOT_MINOR_VERSION='5'
GTKMM_PLPLOT_MODULE_NAME='gtkmm-plplot-2.0'
GTKMM_PLPLOT_VERSION='2.5'
HAVE_CXX11=''
INSTALL_DATA='${INSTALL} -m 644'
INSTALL_PROGRAM='${INSTALL}'
INSTALL_SCRIPT='${INSTALL}'
INSTALL_STRIP_PROGRAM='$(install_sh) -c -s'
LD='/usr/bin/ld -m elf_x86_64'
LDFLAGS=''
LIBOBJS=''
LIBS=''
LIBTOOL='$(SHELL) $(top_builddir)/libtool'
LIB_AGE='0'
LIB_CURRENT='3'
LIB_CURRENT_MINUS_AGE='3'
LIB_REVISION='1'
LIPO=''
LN_S='ln -s'
LTLIBOBJS=''
LT_SYS_LIBRARY_PATH=''
MAKEINFO='${SHELL} '\''/home/vencez/Development/zvonicev/zapoctak/gtk/gtkmm-plplot-2.5/build-aux/missing'\'' makeinfo'
MANIFEST_TOOL=':'
MKDIR_P='/usr/bin/mkdir -p'
MMDOCTOOLDIR='${top_srcdir}/docs'
NM='/usr/bin/nm -B'
NMEDIT=''
OBJDUMP='objdump'
OBJEXT='o'
OS_WINDOWS='0'
OS_WINDOWS_32='0'
OS_WINDOWS_32_FALSE=''
OS_WINDOWS_32_TRUE='#'
OS_WINDOWS_64='0'
OS_WINDOWS_64_FALSE=''
OS_WINDOWS_64_TRUE='#'
OS_WINDOWS_FALSE=''
OS_WINDOWS_TRUE='#'
OTOOL64=''
OTOOL=''
PACKAGE='gtkmm-plplot'
PACKAGE_BUGREPORT='tom.schoonjans@me.com'
PACKAGE_NAME='gtkmm-plplot'
PACKAGE_STRING='gtkmm-plplot 2.5'
PACKAGE_TARNAME='gtkmm-plplot'
PACKAGE_URL='https://github.com/tschoonj/gtkmm-plplot'
PACKAGE_VERSION='2.5'
PATH_SEPARATOR=':'
PERL='/usr/bin/perl'
PKG_CONFIG='/usr/bin/pkg-config'
PKG_CONFIG_LIBDIR=''
PKG_CONFIG_PATH=''
PLPLOT_CXX='plplot-c++ >= 5.11.0'
RANLIB='ranlib'
SED='/usr/bin/sed'
SET_MAKE=''
SHELL='/bin/sh'
STRIP='strip'
VERSION='2.5'
WINDRES_ARCH=''
XSLTPROC='/usr/bin/xsltproc'
ac_ct_AR='ar'
ac_ct_CC='gcc'
ac_ct_CXX='g++'
ac_ct_DUMPBIN=''
am__EXEEXT_FALSE=''
am__EXEEXT_TRUE='#'
am__fastdepCC_FALSE='#'
am__fastdepCC_TRUE=''
am__fastdepCXX_FALSE='#'
am__fastdepCXX_TRUE=''
am__include='include'
am__isrc=''
am__leading_dot='.'
am__nodep='_no'
am__quote=''
am__tar='$${TAR-tar} chof - "$$tardir"'
am__untar='$${TAR-tar} xf -'
bindir='${exec_prefix}/bin'
build='x86_64-pc-linux-gnu'
build_alias=''
build_cpu='x86_64'
build_os='linux-gnu'
build_vendor='pc'
datadir='${datarootdir}'
datarootdir='${prefix}/share'
docdir='${datarootdir}/doc/${PACKAGE_TARNAME}'
dvidir='${docdir}'
exec_prefix='${prefix}'
gtkmm_CFLAGS='-I/usr/include/gtkmm-3.0 -I/usr/lib/gtkmm-3.0/include -I/usr/include/giomm-2.4 -I/usr/lib/giomm-2.4/include -I/usr/include/glib-2.0 -I/usr/lib/glib-2.0/include -I/usr/include/sysprof-4 -I/usr/include/libmount -I/usr/include/blkid -I/usr/include/glibmm-2.4 -I/usr/lib/glibmm-2.4/include -I/usr/include/sigc++-2.0 -I/usr/lib/sigc++-2.0/include -I/usr/include/gtk-3.0 -I/usr/include/pango-1.0 -I/usr/include/harfbuzz -I/usr/include/freetype2 -I/usr/include/libpng16 -I/usr/include/fribidi -I/usr/include/cairo -I/usr/include/lzo -I/usr/include/pixman-1 -I/usr/include/gdk-pixbuf-2.0 -I/usr/include/gio-unix-2.0 -I/usr/include/cloudproviders -I/usr/include/atk-1.0 -I/usr/include/at-spi2-atk/2.0 -I/usr/include/dbus-1.0 -I/usr/lib/dbus-1.0/include -I/usr/include/at-spi-2.0 -I/usr/include/cairomm-1.0 -I/usr/lib/cairomm-1.0/include -I/usr/include/pangomm-1.4 -I/usr/lib/pangomm-1.4/include -I/usr/include/atkmm-1.6 -I/usr/lib/atkmm-1.6/include -I/usr/include/gtk-3.0/unix-print -I/usr/include/gdkmm-3.0 -I/usr/lib/gdkmm-3.0/include -pthread '
gtkmm_LIBS='-lgtkmm-3.0 -latkmm-1.6 -lgdkmm-3.0 -lgiomm-2.4 -lgtk-3 -lgdk-3 -lz -latk-1.0 -lcairo-gobject -lgio-2.0 -lpangomm-1.4 -lglibmm-2.4 -lcairomm-1.0 -lsigc-2.0 -lpangocairo-1.0 -lpango-1.0 -lharfbuzz -lcairo -lgdk_pixbuf-2.0 -lgobject-2.0 -lglib-2.0 '
host='x86_64-pc-linux-gnu'
host_alias=''
host_cpu='x86_64'
host_os='linux-gnu'
host_vendor='pc'
htmldir='${docdir}'
includedir='${prefix}/include'
infodir='${datarootdir}/info'
install_sh='${SHELL} /home/vencez/Development/zvonicev/zapoctak/gtk/gtkmm-plplot-2.5/build-aux/install-sh'
libdir='${exec_prefix}/lib'
libexecdir='${exec_prefix}/libexec'
localedir='${datarootdir}/locale'
localstatedir='${prefix}/var'
mandir='${datarootdir}/man'
mkdir_p='$(MKDIR_P)'
oldincludedir='/usr/include'
pdfdir='${docdir}'
plplotcxx_CFLAGS='-I/usr/include/plplot '
plplotcxx_LIBS='-lplplotcxx '
prefix='/usr/local'
program_transform_name='s,x,x,'
psdir='${docdir}'
runstatedir='${localstatedir}/run'
sbindir='${exec_prefix}/sbin'
sharedstatedir='${prefix}/com'
sysconfdir='${prefix}/etc'
target_alias=''

## ----------- ##
## confdefs.h. ##
## ----------- ##

/* confdefs.h */
#define PACKAGE_NAME "gtkmm-plplot"
#define PACKAGE_TARNAME "gtkmm-plplot"
#define PACKAGE_VERSION "2.5"
#define PACKAGE_STRING "gtkmm-plplot 2.5"
#define PACKAGE_BUGREPORT "tom.schoonjans@me.com"
#define PACKAGE_URL "https://github.com/tschoonj/gtkmm-plplot"
#define PACKAGE "gtkmm-plplot"
#define VERSION "2.5"
#define HAVE_STDIO_H 1
#define HAVE_STDLIB_H 1
#define HAVE_STRING_H 1
#define HAVE_INTTYPES_H 1
#define HAVE_STDINT_H 1
#define HAVE_STRINGS_H 1
#define HAVE_SYS_STAT_H 1
#define HAVE_SYS_TYPES_H 1
#define HAVE_UNISTD_H 1
#define HAVE_WCHAR_H 1
#define STDC_HEADERS 1
#define _ALL_SOURCE 1
#define _DARWIN_C_SOURCE 1
#define _GNU_SOURCE 1
#define _HPUX_ALT_XOPEN_SOCKET_API 1
#define _NETBSD_SOURCE 1
#define _OPENBSD_SOURCE 1
#define _POSIX_PTHREAD_SEMANTICS 1
#define __STDC_WANT_IEC_60559_ATTRIBS_EXT__ 1
#define __STDC_WANT_IEC_60559_BFP_EXT__ 1
#define __STDC_WANT_IEC_60559_DFP_EXT__ 1
#define __STDC_WANT_IEC_60559_FUNCS_EXT__ 1
#define __STDC_WANT_IEC_60559_TYPES_EXT__ 1
#define __STDC_WANT_LIB_EXT2__ 1
#define __STDC_WANT_MATH_SPEC_FUNCS__ 1
#define _TANDEM_SOURCE 1
#define __EXTENSIONS__ 1
#define HAVE_DLFCN_H 1
#define LT_OBJDIR ".libs/"
#define GTKMM_PLPLOT_MAJOR_VERSION 2
#define GTKMM_PLPLOT_MINOR_VERSION 5
#define GTKMM_PLPLOT_PLPLOT_5_11_0 /**/

configure: exit 0
